0 info it worked if it ends with ok
1 verbose cli [ 'node', '/usr/local/bin/npm', 'install', '-g', 'httpster' ]
2 info using npm@1.3.8
3 info using node@v0.10.17
4 verbose cache add [ 'httpster', null ]
5 verbose cache add name=undefined spec="httpster" args=["httpster",null]
6 verbose parsed url { protocol: null,
6 verbose parsed url   slashes: null,
6 verbose parsed url   auth: null,
6 verbose parsed url   host: null,
6 verbose parsed url   port: null,
6 verbose parsed url   hostname: null,
6 verbose parsed url   hash: null,
6 verbose parsed url   search: null,
6 verbose parsed url   query: null,
6 verbose parsed url   pathname: 'httpster',
6 verbose parsed url   path: 'httpster',
6 verbose parsed url   href: 'httpster' }
7 silly lockFile 1825d6e9-httpster httpster
8 verbose lock httpster /Users/john_zach/.npm/1825d6e9-httpster.lock
9 silly lockFile 1825d6e9-httpster httpster
10 silly lockFile 1825d6e9-httpster httpster
11 verbose addNamed [ 'httpster', '' ]
12 verbose addNamed [ null, '*' ]
13 silly lockFile a2556c8b-httpster httpster@
14 verbose lock httpster@ /Users/john_zach/.npm/a2556c8b-httpster.lock
15 silly addNameRange { name: 'httpster', range: '*', hasData: false }
16 verbose url raw httpster
17 verbose url resolving [ 'https://registry.npmjs.org/', './httpster' ]
18 verbose url resolved https://registry.npmjs.org/httpster
19 info trying registry request attempt 1 at 11:40:27
20 http GET https://registry.npmjs.org/httpster
21 http 200 https://registry.npmjs.org/httpster
22 silly registry.get cb [ 200,
22 silly registry.get   { vary: 'Accept',
22 silly registry.get     server: 'CouchDB/1.3.1 (Erlang OTP/R15B03)',
22 silly registry.get     etag: '"DZYNKND1J41T6WCPHYSMJH2DN"',
22 silly registry.get     date: 'Fri, 06 Sep 2013 16:40:28 GMT',
22 silly registry.get     'content-type': 'application/json',
22 silly registry.get     'content-length': '20307' } ]
23 silly addNameRange number 2 { name: 'httpster', range: '*', hasData: true }
24 silly addNameRange versions [ 'httpster',
24 silly addNameRange   [ '0.1.0',
24 silly addNameRange     '0.2.0',
24 silly addNameRange     '0.2.1',
24 silly addNameRange     '0.3.0',
24 silly addNameRange     '0.3.1',
24 silly addNameRange     '0.3.2',
24 silly addNameRange     '0.4.0',
24 silly addNameRange     '0.5.0',
24 silly addNameRange     '0.5.1',
24 silly addNameRange     '0.5.2',
24 silly addNameRange     '0.6.0' ] ]
25 verbose addNamed [ 'httpster', '0.6.0' ]
26 verbose addNamed [ '0.6.0', '0.6.0' ]
27 silly lockFile 48f698c3-httpster-0-6-0 httpster@0.6.0
28 verbose lock httpster@0.6.0 /Users/john_zach/.npm/48f698c3-httpster-0-6-0.lock
29 silly lockFile d488473a--org-httpster-httpster-0-6-0-tgz https://registry.npmjs.org/httpster/-/httpster-0.6.0.tgz
30 verbose lock https://registry.npmjs.org/httpster/-/httpster-0.6.0.tgz /Users/john_zach/.npm/d488473a--org-httpster-httpster-0-6-0-tgz.lock
31 verbose addRemoteTarball [ 'https://registry.npmjs.org/httpster/-/httpster-0.6.0.tgz',
31 verbose addRemoteTarball   'e3be724b1bc45372cd4377c5c125ebcfa35e278a' ]
32 info retry fetch attempt 1 at 11:40:28
33 verbose fetch to= /var/folders/49/w8wx79l908q6wn64jq36m40h0000gn/T/npm-18896-j-41rcby/1378485628446-0.2969057965092361/tmp.tgz
34 http GET https://registry.npmjs.org/httpster/-/httpster-0.6.0.tgz
35 http 200 https://registry.npmjs.org/httpster/-/httpster-0.6.0.tgz
36 verbose tar unpack /var/folders/49/w8wx79l908q6wn64jq36m40h0000gn/T/npm-18896-j-41rcby/1378485628446-0.2969057965092361/tmp.tgz
37 silly lockFile ab6e0282-28446-0-2969057965092361-package tar:///var/folders/49/w8wx79l908q6wn64jq36m40h0000gn/T/npm-18896-j-41rcby/1378485628446-0.2969057965092361/package
38 verbose lock tar:///var/folders/49/w8wx79l908q6wn64jq36m40h0000gn/T/npm-18896-j-41rcby/1378485628446-0.2969057965092361/package /Users/john_zach/.npm/ab6e0282-28446-0-2969057965092361-package.lock
39 silly lockFile 15d1f51d-28446-0-2969057965092361-tmp-tgz tar:///var/folders/49/w8wx79l908q6wn64jq36m40h0000gn/T/npm-18896-j-41rcby/1378485628446-0.2969057965092361/tmp.tgz
40 verbose lock tar:///var/folders/49/w8wx79l908q6wn64jq36m40h0000gn/T/npm-18896-j-41rcby/1378485628446-0.2969057965092361/tmp.tgz /Users/john_zach/.npm/15d1f51d-28446-0-2969057965092361-tmp-tgz.lock
41 silly gunzTarPerm modes [ '755', '644' ]
42 silly gunzTarPerm extractEntry package.json
43 silly gunzTarPerm extractEntry .npmignore
44 silly gunzTarPerm extractEntry README.md
45 silly gunzTarPerm extractEntry bin/favicon.ico
46 silly gunzTarPerm extractEntry bin/httpster
47 silly gunzTarPerm extractEntry lib/fav.js
48 silly gunzTarPerm extractEntry lib/server.js
49 silly lockFile ab6e0282-28446-0-2969057965092361-package tar:///var/folders/49/w8wx79l908q6wn64jq36m40h0000gn/T/npm-18896-j-41rcby/1378485628446-0.2969057965092361/package
50 silly lockFile ab6e0282-28446-0-2969057965092361-package tar:///var/folders/49/w8wx79l908q6wn64jq36m40h0000gn/T/npm-18896-j-41rcby/1378485628446-0.2969057965092361/package
51 silly lockFile 15d1f51d-28446-0-2969057965092361-tmp-tgz tar:///var/folders/49/w8wx79l908q6wn64jq36m40h0000gn/T/npm-18896-j-41rcby/1378485628446-0.2969057965092361/tmp.tgz
52 silly lockFile 15d1f51d-28446-0-2969057965092361-tmp-tgz tar:///var/folders/49/w8wx79l908q6wn64jq36m40h0000gn/T/npm-18896-j-41rcby/1378485628446-0.2969057965092361/tmp.tgz
53 verbose tar pack [ '/Users/john_zach/.npm/httpster/0.6.0/package.tgz',
53 verbose tar pack   '/var/folders/49/w8wx79l908q6wn64jq36m40h0000gn/T/npm-18896-j-41rcby/1378485628446-0.2969057965092361/package' ]
54 verbose tarball /Users/john_zach/.npm/httpster/0.6.0/package.tgz
55 verbose folder /var/folders/49/w8wx79l908q6wn64jq36m40h0000gn/T/npm-18896-j-41rcby/1378485628446-0.2969057965092361/package
56 silly lockFile ab6e0282-28446-0-2969057965092361-package tar:///var/folders/49/w8wx79l908q6wn64jq36m40h0000gn/T/npm-18896-j-41rcby/1378485628446-0.2969057965092361/package
57 verbose lock tar:///var/folders/49/w8wx79l908q6wn64jq36m40h0000gn/T/npm-18896-j-41rcby/1378485628446-0.2969057965092361/package /Users/john_zach/.npm/ab6e0282-28446-0-2969057965092361-package.lock
58 silly lockFile 9ef6d9ee-h-npm-httpster-0-6-0-package-tgz tar:///Users/john_zach/.npm/httpster/0.6.0/package.tgz
59 verbose lock tar:///Users/john_zach/.npm/httpster/0.6.0/package.tgz /Users/john_zach/.npm/9ef6d9ee-h-npm-httpster-0-6-0-package-tgz.lock
60 silly lockFile ab6e0282-28446-0-2969057965092361-package tar:///var/folders/49/w8wx79l908q6wn64jq36m40h0000gn/T/npm-18896-j-41rcby/1378485628446-0.2969057965092361/package
61 silly lockFile ab6e0282-28446-0-2969057965092361-package tar:///var/folders/49/w8wx79l908q6wn64jq36m40h0000gn/T/npm-18896-j-41rcby/1378485628446-0.2969057965092361/package
62 silly lockFile 9ef6d9ee-h-npm-httpster-0-6-0-package-tgz tar:///Users/john_zach/.npm/httpster/0.6.0/package.tgz
63 silly lockFile 9ef6d9ee-h-npm-httpster-0-6-0-package-tgz tar:///Users/john_zach/.npm/httpster/0.6.0/package.tgz
64 silly lockFile cd605687--zach-npm-httpster-0-6-0-package /Users/john_zach/.npm/httpster/0.6.0/package
65 verbose lock /Users/john_zach/.npm/httpster/0.6.0/package /Users/john_zach/.npm/cd605687--zach-npm-httpster-0-6-0-package.lock
66 silly lockFile cd605687--zach-npm-httpster-0-6-0-package /Users/john_zach/.npm/httpster/0.6.0/package
67 silly lockFile cd605687--zach-npm-httpster-0-6-0-package /Users/john_zach/.npm/httpster/0.6.0/package
68 verbose tar unpack /Users/john_zach/.npm/httpster/0.6.0/package.tgz
69 silly lockFile 026ad129--zach-npm-httpster-0-6-0-package tar:///Users/john_zach/.npm/httpster/0.6.0/package
70 verbose lock tar:///Users/john_zach/.npm/httpster/0.6.0/package /Users/john_zach/.npm/026ad129--zach-npm-httpster-0-6-0-package.lock
71 silly lockFile 9ef6d9ee-h-npm-httpster-0-6-0-package-tgz tar:///Users/john_zach/.npm/httpster/0.6.0/package.tgz
72 verbose lock tar:///Users/john_zach/.npm/httpster/0.6.0/package.tgz /Users/john_zach/.npm/9ef6d9ee-h-npm-httpster-0-6-0-package-tgz.lock
73 silly gunzTarPerm modes [ '755', '644' ]
74 silly gunzTarPerm extractEntry package.json
75 silly gunzTarPerm extractEntry .npmignore
76 silly gunzTarPerm extractEntry README.md
77 silly gunzTarPerm extractEntry bin/favicon.ico
78 silly gunzTarPerm extractEntry bin/httpster
79 silly gunzTarPerm extractEntry lib/fav.js
80 silly gunzTarPerm extractEntry lib/server.js
81 silly lockFile 026ad129--zach-npm-httpster-0-6-0-package tar:///Users/john_zach/.npm/httpster/0.6.0/package
82 silly lockFile 026ad129--zach-npm-httpster-0-6-0-package tar:///Users/john_zach/.npm/httpster/0.6.0/package
83 silly lockFile 9ef6d9ee-h-npm-httpster-0-6-0-package-tgz tar:///Users/john_zach/.npm/httpster/0.6.0/package.tgz
84 silly lockFile 9ef6d9ee-h-npm-httpster-0-6-0-package-tgz tar:///Users/john_zach/.npm/httpster/0.6.0/package.tgz
85 verbose chmod /Users/john_zach/.npm/httpster/0.6.0/package.tgz 644
86 verbose chown /Users/john_zach/.npm/httpster/0.6.0/package.tgz [ 501, 20 ]
87 silly lockFile d488473a--org-httpster-httpster-0-6-0-tgz https://registry.npmjs.org/httpster/-/httpster-0.6.0.tgz
88 silly lockFile d488473a--org-httpster-httpster-0-6-0-tgz https://registry.npmjs.org/httpster/-/httpster-0.6.0.tgz
89 silly lockFile 48f698c3-httpster-0-6-0 httpster@0.6.0
90 silly lockFile 48f698c3-httpster-0-6-0 httpster@0.6.0
91 silly lockFile a2556c8b-httpster httpster@
92 silly lockFile a2556c8b-httpster httpster@
93 silly resolved [ { author:
93 silly resolved      { name: 'Simeon Bateman',
93 silly resolved        email: 'simeon@simb.net',
93 silly resolved        url: 'http://www.simb.net' },
93 silly resolved     name: 'httpster',
93 silly resolved     description: 'Simple http server for local content',
93 silly resolved     version: '0.6.0',
93 silly resolved     repository: { type: 'git', url: 'git://github.com/SimbCo/httpster.git' },
93 silly resolved     keywords: [ 'http', 'web', 'server' ],
93 silly resolved     main: './lib/httpster',
93 silly resolved     bin: { httpster: './bin/httpster' },
93 silly resolved     preferGlobal: 'true',
93 silly resolved     scripts: { prepublish: 'coffee -o lib/ src/' },
93 silly resolved     dependencies: { express: '3.2.x', commander: '1.2.x' },
93 silly resolved     devDependencies: { 'coffee-script': '1.6.x', should: '~1.2.2', mocha: '~1.11.0' },
93 silly resolved     engines: { node: '0.10.x' },
93 silly resolved     readme: 'httpster\n========\n\nSimple http server for quick loading of content.\n\nInstallation is done via npm, which is installed along with NodeJS on most platforms.\n\n    npm -g install httpster\n\nThen from any directory where you want to have an http service running, just run\n\n    httpster\n\nThat will start up a web server on port 3333 and let you serve up any static content you wish. If you want to change the port or directory that the server runs from pass in the -p or -d options\n\n    httpster -p 8080 -d /home/somedir/public_html\n\nIf you have some issue please feel free to add a ticket here. If you have any suggestions for features that would make this more useful please feel free to let me know.\n\nThanks to @GarthDB for asking for this and making me realize that I needed it too.\n',
93 silly resolved     readmeFilename: 'README.md',
93 silly resolved     bugs: { url: 'https://github.com/SimbCo/httpster/issues' },
93 silly resolved     _id: 'httpster@0.6.0',
93 silly resolved     dist: { shasum: 'e3be724b1bc45372cd4377c5c125ebcfa35e278a' },
93 silly resolved     _from: 'httpster@',
93 silly resolved     _resolved: 'https://registry.npmjs.org/httpster/-/httpster-0.6.0.tgz' } ]
94 info install httpster@0.6.0 into /usr/local/lib
95 info installOne httpster@0.6.0
96 info /usr/local/lib/node_modules/httpster unbuild
97 verbose tar unpack /Users/john_zach/.npm/httpster/0.6.0/package.tgz
98 silly lockFile 6e1c8633--local-lib-node-modules-httpster tar:///usr/local/lib/node_modules/httpster
99 verbose lock tar:///usr/local/lib/node_modules/httpster /Users/john_zach/.npm/6e1c8633--local-lib-node-modules-httpster.lock
100 silly lockFile 9ef6d9ee-h-npm-httpster-0-6-0-package-tgz tar:///Users/john_zach/.npm/httpster/0.6.0/package.tgz
101 verbose lock tar:///Users/john_zach/.npm/httpster/0.6.0/package.tgz /Users/john_zach/.npm/9ef6d9ee-h-npm-httpster-0-6-0-package-tgz.lock
102 silly gunzTarPerm modes [ '755', '644' ]
103 error Error: EACCES, mkdir '/usr/local/lib/node_modules/httpster'
103 error  { [Error: EACCES, mkdir '/usr/local/lib/node_modules/httpster']
103 error   errno: 3,
103 error   code: 'EACCES',
103 error   path: '/usr/local/lib/node_modules/httpster',
103 error   fstream_type: 'Directory',
103 error   fstream_path: '/usr/local/lib/node_modules/httpster',
103 error   fstream_class: 'DirWriter',
103 error   fstream_stack:
103 error    [ '/usr/local/lib/node_modules/npm/node_modules/fstream/lib/dir-writer.js:36:23',
103 error      '/usr/local/lib/node_modules/npm/node_modules/mkdirp/index.js:37:53',
103 error      'Object.oncomplete (fs.js:107:15)' ] }
104 error Please try running this command again as root/Administrator.
105 error System Darwin 12.4.0
106 error command "node" "/usr/local/bin/npm" "install" "-g" "httpster"
107 error cwd /Users/john_zach/FirstApp
108 error node -v v0.10.17
109 error npm -v 1.3.8
110 error path /usr/local/lib/node_modules/httpster
111 error fstream_path /usr/local/lib/node_modules/httpster
112 error fstream_type Directory
113 error fstream_class DirWriter
114 error code EACCES
115 error errno 3
116 error stack Error: EACCES, mkdir '/usr/local/lib/node_modules/httpster'
117 error fstream_stack /usr/local/lib/node_modules/npm/node_modules/fstream/lib/dir-writer.js:36:23
117 error fstream_stack /usr/local/lib/node_modules/npm/node_modules/mkdirp/index.js:37:53
117 error fstream_stack Object.oncomplete (fs.js:107:15)
118 verbose exit [ 3, true ]
